<?xml version="1.0" encoding="UTF-8"?>
<!-- Generated by org.testng.reporters.JUnitReportReporter -->
<testsuite hostname="MSI" failures="0" tests="2" name="org.testpackage.CarLoan" time="0.011" errors="0" timestamp="2023-03-27T21:49:33 IST" skipped="0">
  <testcase classname="org.testpackage.CarLoan" name="apiloginCarloan" time="0.009"/>
  <system-out/>
  <testcase classname="org.testpackage.CarLoan" name="webloginCarloan" time="0.002"/>
  <system-out/>
</testsuite> <!-- org.testpackage.CarLoan -->
