<?xml version="1.0" encoding="UTF-8"?>
<!-- Generated by org.testng.reporters.JUnitReportReporter -->
<testsuite hostname="MSI" failures="0" tests="4" name="org.testpackage.TestNG1" time="0.005" errors="0" timestamp="2023-03-27T21:49:33 IST" skipped="0">
  <testcase classname="org.testpackage.TestNG1" name="test2" time="0.002"/>
  <system-out/>
  <testcase classname="org.testpackage.TestNG1" name="test1" time="0.002"/>
  <system-out/>
  <testcase classname="org.testpackage.TestNG1" name="test" time="0.000"/>
  <system-out/>
  <testcase classname="org.testpackage.TestNG1" name="test3" time="0.001"/>
  <system-out/>
</testsuite> <!-- org.testpackage.TestNG1 -->
