<?xml version="1.0" encoding="UTF-8"?>
<!-- Generated by org.testng.reporters.JUnitReportReporter -->
<testsuite hostname="MSI" failures="0" tests="1" name="org.testpackage.TestNG2" time="0.002" errors="0" timestamp="2023-03-27T21:49:33 IST" skipped="0">
  <testcase classname="org.testpackage.TestNG2" name="test" time="0.002"/>
  <system-out/>
</testsuite> <!-- org.testpackage.TestNG2 -->
