<?xml version="1.0" encoding="UTF-8"?>
<!-- Generated by org.testng.reporters.JUnitReportReporter -->
<testsuite hostname="MSI" failures="0" tests="1" name="org.testpackage.Homeloan" time="0.001" errors="0" timestamp="2023-03-27T21:49:33 IST" skipped="0">
  <testcase classname="org.testpackage.Homeloan" name="apiloginHomeloan" time="0.001"/>
  <system-out/>
</testsuite> <!-- org.testpackage.Homeloan -->
