<?xml version="1.0" encoding="UTF-8"?>
<!-- Generated by org.testng.reporters.JUnitReportReporter -->
<testsuite hostname="Bharath-PC" failures="0" tests="1" name="org.rahulsheety.FirefoxTest" time="1.913" errors="0" timestamp="2023-06-14T21:54:17 IST" skipped="0">
  <testcase classname="org.rahulsheety.FirefoxTest" name="OpenBrowser" time="1.913"/>
  <system-out/>
</testsuite> <!-- org.rahulsheety.FirefoxTest -->
