<?xml version="1.0" encoding="UTF-8"?>
<!-- Generated by org.testng.reporters.JUnitReportReporter -->
<testsuite hostname="Bharath-PC" failures="0" tests="1" name="org.rahulsheety.OpenBrowserTest" time="0.158" errors="0" timestamp="2023-06-14T21:36:50 IST" skipped="0">
  <testcase classname="org.rahulsheety.OpenBrowserTest" name="emptycart" time="0.158"/>
  <system-out/>
</testsuite> <!-- org.rahulsheety.OpenBrowserTest -->
