<?xml version="1.0" encoding="UTF-8"?>
<!-- Generated by org.testng.reporters.JUnitReportReporter -->
<testsuite hostname="Bharath-PC" failures="0" tests="2" name="org.rahulsheety.AddingTestingTest" time="0.017" errors="0" timestamp="2023-06-16T08:00:04 IST" skipped="0">
  <testcase classname="org.rahulsheety.AddingTestingTest" name="addTwoNegativeNumbers" time="0.015"/>
  <testcase classname="org.rahulsheety.AddingTestingTest" name="addTwoPositiveNumbers" time="0.002"/>
</testsuite> <!-- org.rahulsheety.AddingTestingTest -->
