<?xml version="1.0" encoding="UTF-8"?>
<!-- Generated by org.testng.reporters.JUnitReportReporter -->
<testsuite hostname="Bharath-PC" failures="0" tests="1" name="org.rahulsheety.EdgeBrowser" time="1.086" errors="0" timestamp="2023-06-14T22:03:56 IST" skipped="0">
  <testcase classname="org.rahulsheety.EdgeBrowser" name="OpenBrowser" time="1.086"/>
  <system-out/>
</testsuite> <!-- org.rahulsheety.EdgeBrowser -->
