<?xml version="1.0" encoding="UTF-8"?>
<!-- Generated by org.testng.reporters.JUnitReportReporter -->
<testsuite hostname="Bharath-PC" failures="0" tests="1" name="org.rahulsheety.OpenBrowserTest" time="6.212" errors="0" timestamp="2023-07-08T22:55:14 IST" skipped="0">
  <testcase classname="org.rahulsheety.OpenBrowserTest" name="emptycart" time="6.212"/>
</testsuite> <!-- org.rahulsheety.OpenBrowserTest -->
