<?xml version="1.0" encoding="UTF-8"?>
<!-- Generated by org.testng.reporters.JUnitReportReporter -->
<testsuite hostname="Bharath-PC" failures="0" tests="1" name="org.rahulsheety.DemoTest" time="3.897" errors="0" timestamp="2023-07-04T22:47:48 IST" skipped="0">
  <testcase classname="org.rahulsheety.DemoTest" name="OpenBrowser" time="3.897"/>
</testsuite> <!-- org.rahulsheety.DemoTest -->
