<?xml version="1.0" encoding="UTF-8"?>
<!-- Generated by org.testng.reporters.JUnitReportReporter -->
<testsuite hostname="Bharath-PC" failures="0" tests="2" name="qaclickacademy.AppiumTest" time="0.000" errors="0" timestamp="2023-09-11T23:49:01 IST" skipped="0">
  <testcase classname="qaclickacademy.AppiumTest" name="IOS" time="0.000"/>
  <system-out/>
  <testcase classname="qaclickacademy.AppiumTest" name="Android" time="0.000"/>
  <system-out/>
</testsuite> <!-- qaclickacademy.AppiumTest -->
