<?xml version="1.0" encoding="UTF-8"?>
<!-- Generated by org.testng.reporters.JUnitReportReporter -->
<testsuite hostname="Bharath-PC" failures="0" tests="2" name="org.rahulsheety.AddCartTest" time="8.021" errors="0" timestamp="2023-09-11T23:49:01 IST" skipped="0">
  <testcase classname="org.rahulsheety.AddCartTest" name="emptycart" time="6.129"/>
  <system-out/>
  <testcase classname="org.rahulsheety.AddCartTest" name="AddCart" time="1.892"/>
  <system-out/>
</testsuite> <!-- org.rahulsheety.AddCartTest -->
