<?xml version="1.0" encoding="UTF-8"?>
<!-- Generated by org.testng.reporters.JUnitReportReporter -->
<testsuite hostname="Bharath-PC" failures="0" tests="2" name="org.rahulsheety.AddCartTest" time="11.813" errors="0" timestamp="2023-07-13T09:45:16 IST" skipped="0">
  <testcase classname="org.rahulsheety.AddCartTest" name="AddCart" time="5.694"/>
  <system-out/>
  <testcase classname="org.rahulsheety.AddCartTest" name="emptycart" time="6.119"/>
  <system-out/>
</testsuite> <!-- org.rahulsheety.AddCartTest -->
