<?xml version="1.0" encoding="UTF-8"?>
<!-- Generated by org.testng.reporters.JUnitReportReporter -->
<testsuite hostname="Bharath-PC" failures="0" tests="2" name="org.rahulsheety.AddCartTest" time="3.158" errors="0" timestamp="2023-06-13T20:44:24 IST" skipped="0">
  <testcase classname="org.rahulsheety.AddCartTest" name="AddCart" time="3.001"/>
  <system-out/>
  <testcase classname="org.rahulsheety.AddCartTest" name="emptycart" time="0.157"/>
  <system-out/>
</testsuite> <!-- org.rahulsheety.AddCartTest -->
