<?xml version="1.0" encoding="UTF-8"?>
<!-- Generated by org.testng.reporters.JUnitReportReporter -->
<testsuite hostname="Bharath-PC" failures="0" tests="2" name="qaclickacademy.AppiumTest" time="0.005" errors="0" timestamp="2023-06-08T13:37:12 IST" skipped="0">
  <testcase classname="qaclickacademy.AppiumTest" name="Android" time="0.004"/>
  <system-out/>
  <testcase classname="qaclickacademy.AppiumTest" name="IOS" time="0.001"/>
  <system-out/>
</testsuite> <!-- qaclickacademy.AppiumTest -->
