<?xml version="1.0" encoding="UTF-8"?>
<!-- Generated by org.testng.reporters.JUnitReportReporter -->
<testsuite hostname="Bharath-PC" failures="0" tests="4" name="qaclickacademy.SeleniumTest" time="0.000" errors="0" timestamp="2023-07-13T09:45:16 IST" skipped="0">
  <testcase classname="qaclickacademy.SeleniumTest" name="elements" time="0.000"/>
  <system-out/>
  <testcase classname="qaclickacademy.SeleniumTest" name="Browsertest" time="0.000"/>
  <system-out/>
  <testcase classname="qaclickacademy.SeleniumTest" name="Dquit" time="0.000"/>
  <system-out/>
  <testcase classname="qaclickacademy.SeleniumTest" name="elementsUI" time="0.000"/>
  <system-out/>
</testsuite> <!-- qaclickacademy.SeleniumTest -->
