<?xml version="1.0" encoding="UTF-8"?>
<!-- Generated by org.testng.reporters.JUnitReportReporter -->
<testsuite hostname="Bharath-PC" failures="0" tests="2" name="qaclickacademy.RestAPITest" time="0.001" errors="0" timestamp="2023-06-08T13:14:40 IST" skipped="0">
  <testcase classname="qaclickacademy.RestAPITest" name="Uahoo" time="0.001"/>
  <system-out/>
  <testcase classname="qaclickacademy.RestAPITest" name="Maps" time="0.000"/>
  <system-out/>
</testsuite> <!-- qaclickacademy.RestAPITest -->
