<?xml version="1.0" encoding="UTF-8"?>
<!-- Generated by org.testng.reporters.JUnitReportReporter -->
<testsuite hostname="Bharath-PC" failures="0" tests="1" name="org.Test.Updateddropdown" time="2.275" errors="0" timestamp="2023-09-16T10:11:01 IST" skipped="0">
  <testcase classname="org.Test.Updateddropdown" name="updateddropdown" time="2.275"/>
  <system-out/>
</testsuite> <!-- org.Test.Updateddropdown -->
