<?xml version="1.0" encoding="UTF-8"?>
<!-- Generated by org.testng.reporters.JUnitReportReporter -->
<testsuite hostname="Bharath-PC" failures="0" tests="1" name="org.Test.TC1" time="0.350" errors="0" timestamp="2023-09-16T08:18:05 IST" skipped="0">
  <testcase classname="org.Test.TC1" name="staticdropdown" time="0.350"/>
  <system-out/>
</testsuite> <!-- org.Test.TC1 -->
