<?xml version="1.0" encoding="UTF-8"?>
<!-- Generated by org.testng.reporters.JUnitReportReporter -->
<testsuite hostname="Bharath-PC" failures="0" tests="1" name="org.Test.TC2" time="0.234" errors="0" timestamp="2023-09-16T12:25:14 IST" skipped="0">
  <testcase classname="org.Test.TC2" name="staticdropdown" time="0.234"/>
  <system-out/>
</testsuite> <!-- org.Test.TC2 -->
